<!DOCTYPE html>

<html>
  <head>
  <meta charset='utf-8'>
  <title>TestNG reports</title>

    <link type="text/css" href="testng-reports1.css" rel="stylesheet" id="ultra" />
    <link type="text/css" href="testng-reports.css" rel="stylesheet" id="retro" disabled="false"/>
    <script type="text/javascript" src="jquery-3.6.0.min.js"></script>
    <script type="text/javascript" src="testng-reports.js"></script>
    <script type="text/javascript" src="https://www.google.com/jsapi"></script>
    <script type='text/javascript'>
      google.load('visualization', '1', {packages:['table']});
      google.setOnLoadCallback(drawTable);
      var suiteTableInitFunctions = new Array();
      var suiteTableData = new Array();
    </script>
    <!--
      <script type="text/javascript" src="jquery-ui/js/jquery-ui-1.8.16.custom.min.js"></script>
     -->
  </head>

  <body>    <div class="top-banner-root">
      <span class="top-banner-title-font">Test results</span>
      <button id="button" class="button">Switch Retro Theme</button> <!-- button -->
      <br/>
      <span class="top-banner-font-1">1 suite, 8 failed tests</span>
    </div> <!-- top-banner-root -->
    <div class="navigator-root">
      <div class="navigator-suite-header">
        <span>All suites</span>
        <a href="#" title="Collapse/expand all the suites" class="collapse-all-link">
          <img src="collapseall.gif" class="collapse-all-icon">
          </img> <!-- collapse-all-icon -->
        </a> <!-- collapse-all-link -->
      </div> <!-- navigator-suite-header -->
      <div class="suite">
        <div class="rounded-window">
          <div class="suite-header light-rounded-window-top">
            <a href="#" panel-name="suite-Suite" class="navigator-link">
              <span class="suite-name border-failed">Suite</span>
            </a> <!-- navigator-link -->
          </div> <!-- suite-header light-rounded-window-top -->
          <div class="navigator-suite-content">
            <div class="suite-section-title">
              <span>Info</span>
            </div> <!-- suite-section-title -->
            <div class="suite-section-content">
              <ul>
                <li>
                  <a href="#" panel-name="test-xml-Suite" class="navigator-link ">
                    <span>C:\Users\fwzna\eclipse-workspace\learnig\Parametrased_testng.xml</span>
                  </a> <!-- navigator-link  -->
                </li>
                <li>
                  <a href="#" panel-name="testlist-Suite" class="navigator-link ">
                    <span class="test-stats">1 test</span>
                  </a> <!-- navigator-link  -->
                </li>
                <li>
                  <a href="#" panel-name="group-Suite" class="navigator-link ">
                    <span>0 groups</span>
                  </a> <!-- navigator-link  -->
                </li>
                <li>
                  <a href="#" panel-name="times-Suite" class="navigator-link ">
                    <span>Times</span>
                  </a> <!-- navigator-link  -->
                </li>
                <li>
                  <a href="#" panel-name="reporter-Suite" class="navigator-link ">
                    <span>Reporter output</span>
                  </a> <!-- navigator-link  -->
                </li>
                <li>
                  <a href="#" panel-name="ignored-methods-Suite" class="navigator-link ">
                    <span>Ignored methods</span>
                  </a> <!-- navigator-link  -->
                </li>
                <li>
                  <a href="#" panel-name="chronological-Suite" class="navigator-link ">
                    <span>Chronological view</span>
                  </a> <!-- navigator-link  -->
                </li>
              </ul>
            </div> <!-- suite-section-content -->
            <div class="result-section">
              <div class="suite-section-title">
                <span>Results</span>
              </div> <!-- suite-section-title -->
              <div class="suite-section-content">
                <ul>
                  <li>
                    <span class="method-stats">16 methods, 8 failed,   8 passed</span>
                  </li>
                  <li>
                    <span class="method-list-title failed">Failed methods</span>
                    <span class="show-or-hide-methods failed">
                      <a href="#" panel-name="suite-Suite" class="hide-methods failed suite-Suite"> (hide)</a> <!-- hide-methods failed suite-Suite -->
                      <a href="#" panel-name="suite-Suite" class="show-methods failed suite-Suite"> (show)</a> <!-- show-methods failed suite-Suite -->
                    </span>
                    <div class="method-list-content failed suite-Suite">
                      <span>
                        <img src="failed.png" width="3%"/>
                        <a href="#" panel-name="suite-Suite" title="Day17_Read_FromExcelSheet.TestCase" class="method navigator-link" hash-for-method="RegisterTNTest(Mimiche07, nait, 1236547890, mimichenait06@gmail.com, Mimichenait07, Mimichenait07)">RegisterTNTest(Mimiche07, nait, 1236547890, mimichenait06@gmail.com, Mimichenait07, Mimichenait07)</a> <!-- method navigator-link -->
                      </span>
                      <br/>
                      <span>
                        <img src="failed.png" width="3%"/>
                        <a href="#" panel-name="suite-Suite" title="Day17_Read_FromExcelSheet.TestCase" class="method navigator-link" hash-for-method="RegisterTNTest(Mimiche06, nait, 1236547890, mimichenait05@gmail.com, Mimichenait06, Mimichenait06)">RegisterTNTest(Mimiche06, nait, 1236547890, mimichenait05@gmail.com, Mimichenait06, Mimichenait06)</a> <!-- method navigator-link -->
                      </span>
                      <br/>
                      <span>
                        <img src="failed.png" width="3%"/>
                        <a href="#" panel-name="suite-Suite" title="Day17_Read_FromExcelSheet.TestCase" class="method navigator-link" hash-for-method="RegisterTNTest(Mimiche05, nait, 1236547890, mimichenait04@gmail.com, Mimichenait05, Mimichenait05)">RegisterTNTest(Mimiche05, nait, 1236547890, mimichenait04@gmail.com, Mimichenait05, Mimichenait05)</a> <!-- method navigator-link -->
                      </span>
                      <br/>
                      <span>
                        <img src="failed.png" width="3%"/>
                        <a href="#" panel-name="suite-Suite" title="Day17_Read_FromExcelSheet.TestCase" class="method navigator-link" hash-for-method="RegisterTNTest(Mimiche02, nait, 1236547890, mimichenait01@gmail.com, Mimichenait02, Mimichenait02)">RegisterTNTest(Mimiche02, nait, 1236547890, mimichenait01@gmail.com, Mimichenait02, Mimichenait02)</a> <!-- method navigator-link -->
                      </span>
                      <br/>
                      <span>
                        <img src="failed.png" width="3%"/>
                        <a href="#" panel-name="suite-Suite" title="Day17_Read_FromExcelSheet.TestCase" class="method navigator-link" hash-for-method="RegisterTNTest(Mimiche04, nait, 1236547890, mimichenait03@gmail.com, Mimichenait04, Mimichenait04)">RegisterTNTest(Mimiche04, nait, 1236547890, mimichenait03@gmail.com, Mimichenait04, Mimichenait04)</a> <!-- method navigator-link -->
                      </span>
                      <br/>
                      <span>
                        <img src="failed.png" width="3%"/>
                        <a href="#" panel-name="suite-Suite" title="Day17_Read_FromExcelSheet.TestCase" class="method navigator-link" hash-for-method="RegisterTNTest(Mimiche03, nait, 1236547890, mimichenait02@gmail.com, Mimichenait03, Mimichenait03)">RegisterTNTest(Mimiche03, nait, 1236547890, mimichenait02@gmail.com, Mimichenait03, Mimichenait03)</a> <!-- method navigator-link -->
                      </span>
                      <br/>
                      <span>
                        <img src="failed.png" width="3%"/>
                        <a href="#" panel-name="suite-Suite" title="Day17_Read_FromExcelSheet.TestCase" class="method navigator-link" hash-for-method="RegisterTNTest(Mimiche01, nait, 1236547890, mimichenait@gmail.com, Mimichenait01, Mimichenait01)">RegisterTNTest(Mimiche01, nait, 1236547890, mimichenait@gmail.com, Mimichenait01, Mimichenait01)</a> <!-- method navigator-link -->
                      </span>
                      <br/>
                      <span>
                        <img src="failed.png" width="3%"/>
                        <a href="#" panel-name="suite-Suite" title="Day17_Read_FromExcelSheet.TestCase" class="method navigator-link" hash-for-method="RegisterTNTest(Mimiche08, nait, 1236547890, mimichenait07@gmail.com, Mimichenait08, Mimichenait08)">RegisterTNTest(Mimiche08, nait, 1236547890, mimichenait07@gmail.com, Mimichenait08, Mimichenait08)</a> <!-- method navigator-link -->
                      </span>
                      <br/>
                    </div> <!-- method-list-content failed suite-Suite -->
                  </li>
                  <li>
                    <span class="method-list-title passed">Passed methods</span>
                    <span class="show-or-hide-methods passed">
                      <a href="#" panel-name="suite-Suite" class="hide-methods passed suite-Suite"> (hide)</a> <!-- hide-methods passed suite-Suite -->
                      <a href="#" panel-name="suite-Suite" class="show-methods passed suite-Suite"> (show)</a> <!-- show-methods passed suite-Suite -->
                    </span>
                    <div class="method-list-content passed suite-Suite">
                      <span>
                        <img src="passed.png" width="3%"/>
                        <a href="#" panel-name="suite-Suite" title="Day17_Read_FromExcelSheet.TestCase" class="method navigator-link" hash-for-method="loginTNTest(mimichenait@gmail.com, Mimichenait01)">loginTNTest(mimichenait@gmail.com, Mimichenait01)</a> <!-- method navigator-link -->
                      </span>
                      <br/>
                      <span>
                        <img src="passed.png" width="3%"/>
                        <a href="#" panel-name="suite-Suite" title="Day17_Read_FromExcelSheet.TestCase" class="method navigator-link" hash-for-method="loginTNTest(mimichenait04@gmail.com, Mimichenait05)">loginTNTest(mimichenait04@gmail.com, Mimichenait05)</a> <!-- method navigator-link -->
                      </span>
                      <br/>
                      <span>
                        <img src="passed.png" width="3%"/>
                        <a href="#" panel-name="suite-Suite" title="Day17_Read_FromExcelSheet.TestCase" class="method navigator-link" hash-for-method="loginTNTest(mimichenait02@gmail.com, Mimichenait03)">loginTNTest(mimichenait02@gmail.com, Mimichenait03)</a> <!-- method navigator-link -->
                      </span>
                      <br/>
                      <span>
                        <img src="passed.png" width="3%"/>
                        <a href="#" panel-name="suite-Suite" title="Day17_Read_FromExcelSheet.TestCase" class="method navigator-link" hash-for-method="loginTNTest(mimichenait03@gmail.com, Mimichenait04)">loginTNTest(mimichenait03@gmail.com, Mimichenait04)</a> <!-- method navigator-link -->
                      </span>
                      <br/>
                      <span>
                        <img src="passed.png" width="3%"/>
                        <a href="#" panel-name="suite-Suite" title="Day17_Read_FromExcelSheet.TestCase" class="method navigator-link" hash-for-method="loginTNTest(mimichenait05@gmail.com, Mimichenait06)">loginTNTest(mimichenait05@gmail.com, Mimichenait06)</a> <!-- method navigator-link -->
                      </span>
                      <br/>
                      <span>
                        <img src="passed.png" width="3%"/>
                        <a href="#" panel-name="suite-Suite" title="Day17_Read_FromExcelSheet.TestCase" class="method navigator-link" hash-for-method="loginTNTest(mimichenait06@gmail.com, Mimichenait07)">loginTNTest(mimichenait06@gmail.com, Mimichenait07)</a> <!-- method navigator-link -->
                      </span>
                      <br/>
                      <span>
                        <img src="passed.png" width="3%"/>
                        <a href="#" panel-name="suite-Suite" title="Day17_Read_FromExcelSheet.TestCase" class="method navigator-link" hash-for-method="loginTNTest(mimichenait07@gmail.com, Mimichenait08)">loginTNTest(mimichenait07@gmail.com, Mimichenait08)</a> <!-- method navigator-link -->
                      </span>
                      <br/>
                      <span>
                        <img src="passed.png" width="3%"/>
                        <a href="#" panel-name="suite-Suite" title="Day17_Read_FromExcelSheet.TestCase" class="method navigator-link" hash-for-method="loginTNTest(mimichenait01@gmail.com, Mimichenait02)">loginTNTest(mimichenait01@gmail.com, Mimichenait02)</a> <!-- method navigator-link -->
                      </span>
                      <br/>
                    </div> <!-- method-list-content passed suite-Suite -->
                  </li>
                </ul>
              </div> <!-- suite-section-content -->
            </div> <!-- result-section -->
          </div> <!-- navigator-suite-content -->
        </div> <!-- rounded-window -->
      </div> <!-- suite -->
    </div> <!-- navigator-root -->
    <div class="wrapper">
      <div class="main-panel-root">
        <div panel-name="suite-Suite" class="panel Suite">
          <div class="suite-Suite-class-failed">
            <div class="main-panel-header rounded-window-top">
              <img src="failed.png"/>
              <span class="class-name">Day17_Read_FromExcelSheet.TestCase</span>
            </div> <!-- main-panel-header rounded-window-top -->
            <div class="main-panel-content rounded-window-bottom">
              <div class="method">
                <div class="method-content">
                  <a name="RegisterTNTest(Mimiche07, nait, 1236547890, mimichenait06@gmail.com, Mimichenait07, Mimichenait07)">
                  </a> <!-- RegisterTNTest(Mimiche07, nait, 1236547890, mimichenait06@gmail.com, Mimichenait07, Mimichenait07) -->
                  <span class="method-name">RegisterTNTest</span>
                  <span class="parameters">(Mimiche07,nait,1236547890,mimichenait06@gmail.com,Mimichenait07,Mimichenait07)</span>
                  <div class="stack-trace">org.openqa.selenium.NoSuchElementException: no such element: Unable to locate element: {&quot;method&quot;:&quot;xpath&quot;,&quot;selector&quot;:&quot;//p[text() = &apos;Congratulations! Your new account has been successfully created!&apos;]&quot;}
  (Session info: chrome=123.0.6312.106)
For documentation on this error, please visit: https://www.selenium.dev/documentation/webdriver/troubleshooting/errors#no-such-element-exception
Build info: version: &apos;4.19.1&apos;, revision: &apos;abe0ee07dc&apos;
System info: os.name: &apos;Windows 11&apos;, os.arch: &apos;amd64&apos;, os.version: &apos;10.0&apos;, java.version: &apos;17.0.9&apos;
Driver info: org.openqa.selenium.chrome.ChromeDriver
Command: [f6d103c9b45e44e7da2e33cb05263fc4, findElement {using=xpath, value=//p[text() = &apos;Congratulations! Your new account has been successfully created!&apos;]}]
Capabilities {acceptInsecureCerts: false, browserName: chrome, browserVersion: 123.0.6312.106, chrome: {chromedriverVersion: 123.0.6312.122 (31f8248cdd9..., userDataDir: C:\Users\fwzna\AppData\Loca...}, fedcm:accounts: true, goog:chromeOptions: {debuggerAddress: localhost:54261}, networkConnectionEnabled: false, pageLoadStrategy: normal, platformName: windows, proxy: Proxy(), se:cdp: ws://localhost:54261/devtoo..., se:cdpVersion: 123.0.6312.106, setWindowRect: true, strictFileInteractability: false, timeouts: {implicit: 0, pageLoad: 300000, script: 30000}, unhandledPromptBehavior: dismiss and notify, webauthn:extension:credBlob: true, webauthn:extension:largeBlob: true, webauthn:extension:minPinLength: true, webauthn:extension:prf: true, webauthn:virtualAuthenticators: true}
Session ID: f6d103c9b45e44e7da2e33cb05263fc4
	at org.openqa.selenium.remote.ErrorCodec.decode(ErrorCodec.java:167)
	at org.openqa.selenium.remote.codec.w3c.W3CHttpResponseCodec.decode(W3CHttpResponseCodec.java:138)
	at org.openqa.selenium.remote.codec.w3c.W3CHttpResponseCodec.decode(W3CHttpResponseCodec.java:50)
	at org.openqa.selenium.remote.HttpCommandExecutor.execute(HttpCommandExecutor.java:190)
	at org.openqa.selenium.remote.service.DriverCommandExecutor.invokeExecute(DriverCommandExecutor.java:216)
	at org.openqa.selenium.remote.service.DriverCommandExecutor.execute(DriverCommandExecutor.java:174)
	at org.openqa.selenium.remote.RemoteWebDriver.execute(RemoteWebDriver.java:518)
	at org.openqa.selenium.remote.ElementLocation$ElementFinder$2.findElement(ElementLocation.java:165)
	at org.openqa.selenium.remote.ElementLocation.findElement(ElementLocation.java:59)
	at org.openqa.selenium.remote.RemoteWebDriver.findElement(RemoteWebDriver.java:355)
	at org.openqa.selenium.remote.RemoteWebDriver.findElement(RemoteWebDriver.java:349)
	at Day17_Read_FromExcelSheet.TestCase.RegisterTNTest(TestCase.java:46)
	at java.base/java.util.ArrayList.forEach(ArrayList.java:1511)
... Removed 32 stack frames
</div> <!-- stack-trace -->
                </div> <!-- method-content -->
              </div> <!-- method -->
              <div class="method">
                <div class="method-content">
                  <a name="RegisterTNTest(Mimiche06, nait, 1236547890, mimichenait05@gmail.com, Mimichenait06, Mimichenait06)">
                  </a> <!-- RegisterTNTest(Mimiche06, nait, 1236547890, mimichenait05@gmail.com, Mimichenait06, Mimichenait06) -->
                  <span class="method-name">RegisterTNTest</span>
                  <span class="parameters">(Mimiche06,nait,1236547890,mimichenait05@gmail.com,Mimichenait06,Mimichenait06)</span>
                  <div class="stack-trace">org.openqa.selenium.NoSuchElementException: no such element: Unable to locate element: {&quot;method&quot;:&quot;xpath&quot;,&quot;selector&quot;:&quot;//p[text() = &apos;Congratulations! Your new account has been successfully created!&apos;]&quot;}
  (Session info: chrome=123.0.6312.106)
For documentation on this error, please visit: https://www.selenium.dev/documentation/webdriver/troubleshooting/errors#no-such-element-exception
Build info: version: &apos;4.19.1&apos;, revision: &apos;abe0ee07dc&apos;
System info: os.name: &apos;Windows 11&apos;, os.arch: &apos;amd64&apos;, os.version: &apos;10.0&apos;, java.version: &apos;17.0.9&apos;
Driver info: org.openqa.selenium.chrome.ChromeDriver
Command: [048efd2b87fdc001dcba4e3c2dd86d8c, findElement {using=xpath, value=//p[text() = &apos;Congratulations! Your new account has been successfully created!&apos;]}]
Capabilities {acceptInsecureCerts: false, browserName: chrome, browserVersion: 123.0.6312.106, chrome: {chromedriverVersion: 123.0.6312.122 (31f8248cdd9..., userDataDir: C:\Users\fwzna\AppData\Loca...}, fedcm:accounts: true, goog:chromeOptions: {debuggerAddress: localhost:54240}, networkConnectionEnabled: false, pageLoadStrategy: normal, platformName: windows, proxy: Proxy(), se:cdp: ws://localhost:54240/devtoo..., se:cdpVersion: 123.0.6312.106, setWindowRect: true, strictFileInteractability: false, timeouts: {implicit: 0, pageLoad: 300000, script: 30000}, unhandledPromptBehavior: dismiss and notify, webauthn:extension:credBlob: true, webauthn:extension:largeBlob: true, webauthn:extension:minPinLength: true, webauthn:extension:prf: true, webauthn:virtualAuthenticators: true}
Session ID: 048efd2b87fdc001dcba4e3c2dd86d8c
	at org.openqa.selenium.remote.ErrorCodec.decode(ErrorCodec.java:167)
	at org.openqa.selenium.remote.codec.w3c.W3CHttpResponseCodec.decode(W3CHttpResponseCodec.java:138)
	at org.openqa.selenium.remote.codec.w3c.W3CHttpResponseCodec.decode(W3CHttpResponseCodec.java:50)
	at org.openqa.selenium.remote.HttpCommandExecutor.execute(HttpCommandExecutor.java:190)
	at org.openqa.selenium.remote.service.DriverCommandExecutor.invokeExecute(DriverCommandExecutor.java:216)
	at org.openqa.selenium.remote.service.DriverCommandExecutor.execute(DriverCommandExecutor.java:174)
	at org.openqa.selenium.remote.RemoteWebDriver.execute(RemoteWebDriver.java:518)
	at org.openqa.selenium.remote.ElementLocation$ElementFinder$2.findElement(ElementLocation.java:165)
	at org.openqa.selenium.remote.ElementLocation.findElement(ElementLocation.java:59)
	at org.openqa.selenium.remote.RemoteWebDriver.findElement(RemoteWebDriver.java:355)
	at org.openqa.selenium.remote.RemoteWebDriver.findElement(RemoteWebDriver.java:349)
	at Day17_Read_FromExcelSheet.TestCase.RegisterTNTest(TestCase.java:46)
	at java.base/java.util.ArrayList.forEach(ArrayList.java:1511)
... Removed 32 stack frames
</div> <!-- stack-trace -->
                </div> <!-- method-content -->
              </div> <!-- method -->
              <div class="method">
                <div class="method-content">
                  <a name="RegisterTNTest(Mimiche05, nait, 1236547890, mimichenait04@gmail.com, Mimichenait05, Mimichenait05)">
                  </a> <!-- RegisterTNTest(Mimiche05, nait, 1236547890, mimichenait04@gmail.com, Mimichenait05, Mimichenait05) -->
                  <span class="method-name">RegisterTNTest</span>
                  <span class="parameters">(Mimiche05,nait,1236547890,mimichenait04@gmail.com,Mimichenait05,Mimichenait05)</span>
                  <div class="stack-trace">org.openqa.selenium.NoSuchElementException: no such element: Unable to locate element: {&quot;method&quot;:&quot;xpath&quot;,&quot;selector&quot;:&quot;//p[text() = &apos;Congratulations! Your new account has been successfully created!&apos;]&quot;}
  (Session info: chrome=123.0.6312.106)
For documentation on this error, please visit: https://www.selenium.dev/documentation/webdriver/troubleshooting/errors#no-such-element-exception
Build info: version: &apos;4.19.1&apos;, revision: &apos;abe0ee07dc&apos;
System info: os.name: &apos;Windows 11&apos;, os.arch: &apos;amd64&apos;, os.version: &apos;10.0&apos;, java.version: &apos;17.0.9&apos;
Driver info: org.openqa.selenium.chrome.ChromeDriver
Command: [7b6c0e5753f47f58a3facb3ac3680b04, findElement {using=xpath, value=//p[text() = &apos;Congratulations! Your new account has been successfully created!&apos;]}]
Capabilities {acceptInsecureCerts: false, browserName: chrome, browserVersion: 123.0.6312.106, chrome: {chromedriverVersion: 123.0.6312.122 (31f8248cdd9..., userDataDir: C:\Users\fwzna\AppData\Loca...}, fedcm:accounts: true, goog:chromeOptions: {debuggerAddress: localhost:54219}, networkConnectionEnabled: false, pageLoadStrategy: normal, platformName: windows, proxy: Proxy(), se:cdp: ws://localhost:54219/devtoo..., se:cdpVersion: 123.0.6312.106, setWindowRect: true, strictFileInteractability: false, timeouts: {implicit: 0, pageLoad: 300000, script: 30000}, unhandledPromptBehavior: dismiss and notify, webauthn:extension:credBlob: true, webauthn:extension:largeBlob: true, webauthn:extension:minPinLength: true, webauthn:extension:prf: true, webauthn:virtualAuthenticators: true}
Session ID: 7b6c0e5753f47f58a3facb3ac3680b04
	at org.openqa.selenium.remote.ErrorCodec.decode(ErrorCodec.java:167)
	at org.openqa.selenium.remote.codec.w3c.W3CHttpResponseCodec.decode(W3CHttpResponseCodec.java:138)
	at org.openqa.selenium.remote.codec.w3c.W3CHttpResponseCodec.decode(W3CHttpResponseCodec.java:50)
	at org.openqa.selenium.remote.HttpCommandExecutor.execute(HttpCommandExecutor.java:190)
	at org.openqa.selenium.remote.service.DriverCommandExecutor.invokeExecute(DriverCommandExecutor.java:216)
	at org.openqa.selenium.remote.service.DriverCommandExecutor.execute(DriverCommandExecutor.java:174)
	at org.openqa.selenium.remote.RemoteWebDriver.execute(RemoteWebDriver.java:518)
	at org.openqa.selenium.remote.ElementLocation$ElementFinder$2.findElement(ElementLocation.java:165)
	at org.openqa.selenium.remote.ElementLocation.findElement(ElementLocation.java:59)
	at org.openqa.selenium.remote.RemoteWebDriver.findElement(RemoteWebDriver.java:355)
	at org.openqa.selenium.remote.RemoteWebDriver.findElement(RemoteWebDriver.java:349)
	at Day17_Read_FromExcelSheet.TestCase.RegisterTNTest(TestCase.java:46)
	at java.base/java.util.ArrayList.forEach(ArrayList.java:1511)
... Removed 32 stack frames
</div> <!-- stack-trace -->
                </div> <!-- method-content -->
              </div> <!-- method -->
              <div class="method">
                <div class="method-content">
                  <a name="RegisterTNTest(Mimiche02, nait, 1236547890, mimichenait01@gmail.com, Mimichenait02, Mimichenait02)">
                  </a> <!-- RegisterTNTest(Mimiche02, nait, 1236547890, mimichenait01@gmail.com, Mimichenait02, Mimichenait02) -->
                  <span class="method-name">RegisterTNTest</span>
                  <span class="parameters">(Mimiche02,nait,1236547890,mimichenait01@gmail.com,Mimichenait02,Mimichenait02)</span>
                  <div class="stack-trace">org.openqa.selenium.NoSuchElementException: no such element: Unable to locate element: {&quot;method&quot;:&quot;xpath&quot;,&quot;selector&quot;:&quot;//p[text() = &apos;Congratulations! Your new account has been successfully created!&apos;]&quot;}
  (Session info: chrome=123.0.6312.106)
For documentation on this error, please visit: https://www.selenium.dev/documentation/webdriver/troubleshooting/errors#no-such-element-exception
Build info: version: &apos;4.19.1&apos;, revision: &apos;abe0ee07dc&apos;
System info: os.name: &apos;Windows 11&apos;, os.arch: &apos;amd64&apos;, os.version: &apos;10.0&apos;, java.version: &apos;17.0.9&apos;
Driver info: org.openqa.selenium.chrome.ChromeDriver
Command: [b713e5b55191a2a3957c3b40e4cf9d5a, findElement {using=xpath, value=//p[text() = &apos;Congratulations! Your new account has been successfully created!&apos;]}]
Capabilities {acceptInsecureCerts: false, browserName: chrome, browserVersion: 123.0.6312.106, chrome: {chromedriverVersion: 123.0.6312.122 (31f8248cdd9..., userDataDir: C:\Users\fwzna\AppData\Loca...}, fedcm:accounts: true, goog:chromeOptions: {debuggerAddress: localhost:54156}, networkConnectionEnabled: false, pageLoadStrategy: normal, platformName: windows, proxy: Proxy(), se:cdp: ws://localhost:54156/devtoo..., se:cdpVersion: 123.0.6312.106, setWindowRect: true, strictFileInteractability: false, timeouts: {implicit: 0, pageLoad: 300000, script: 30000}, unhandledPromptBehavior: dismiss and notify, webauthn:extension:credBlob: true, webauthn:extension:largeBlob: true, webauthn:extension:minPinLength: true, webauthn:extension:prf: true, webauthn:virtualAuthenticators: true}
Session ID: b713e5b55191a2a3957c3b40e4cf9d5a
	at org.openqa.selenium.remote.ErrorCodec.decode(ErrorCodec.java:167)
	at org.openqa.selenium.remote.codec.w3c.W3CHttpResponseCodec.decode(W3CHttpResponseCodec.java:138)
	at org.openqa.selenium.remote.codec.w3c.W3CHttpResponseCodec.decode(W3CHttpResponseCodec.java:50)
	at org.openqa.selenium.remote.HttpCommandExecutor.execute(HttpCommandExecutor.java:190)
	at org.openqa.selenium.remote.service.DriverCommandExecutor.invokeExecute(DriverCommandExecutor.java:216)
	at org.openqa.selenium.remote.service.DriverCommandExecutor.execute(DriverCommandExecutor.java:174)
	at org.openqa.selenium.remote.RemoteWebDriver.execute(RemoteWebDriver.java:518)
	at org.openqa.selenium.remote.ElementLocation$ElementFinder$2.findElement(ElementLocation.java:165)
	at org.openqa.selenium.remote.ElementLocation.findElement(ElementLocation.java:59)
	at org.openqa.selenium.remote.RemoteWebDriver.findElement(RemoteWebDriver.java:355)
	at org.openqa.selenium.remote.RemoteWebDriver.findElement(RemoteWebDriver.java:349)
	at Day17_Read_FromExcelSheet.TestCase.RegisterTNTest(TestCase.java:46)
	at java.base/java.util.ArrayList.forEach(ArrayList.java:1511)
... Removed 32 stack frames
</div> <!-- stack-trace -->
                </div> <!-- method-content -->
              </div> <!-- method -->
              <div class="method">
                <div class="method-content">
                  <a name="RegisterTNTest(Mimiche04, nait, 1236547890, mimichenait03@gmail.com, Mimichenait04, Mimichenait04)">
                  </a> <!-- RegisterTNTest(Mimiche04, nait, 1236547890, mimichenait03@gmail.com, Mimichenait04, Mimichenait04) -->
                  <span class="method-name">RegisterTNTest</span>
                  <span class="parameters">(Mimiche04,nait,1236547890,mimichenait03@gmail.com,Mimichenait04,Mimichenait04)</span>
                  <div class="stack-trace">org.openqa.selenium.NoSuchElementException: no such element: Unable to locate element: {&quot;method&quot;:&quot;xpath&quot;,&quot;selector&quot;:&quot;//p[text() = &apos;Congratulations! Your new account has been successfully created!&apos;]&quot;}
  (Session info: chrome=123.0.6312.106)
For documentation on this error, please visit: https://www.selenium.dev/documentation/webdriver/troubleshooting/errors#no-such-element-exception
Build info: version: &apos;4.19.1&apos;, revision: &apos;abe0ee07dc&apos;
System info: os.name: &apos;Windows 11&apos;, os.arch: &apos;amd64&apos;, os.version: &apos;10.0&apos;, java.version: &apos;17.0.9&apos;
Driver info: org.openqa.selenium.chrome.ChromeDriver
Command: [ad567e6bb1d1e371e88727b843714d2f, findElement {using=xpath, value=//p[text() = &apos;Congratulations! Your new account has been successfully created!&apos;]}]
Capabilities {acceptInsecureCerts: false, browserName: chrome, browserVersion: 123.0.6312.106, chrome: {chromedriverVersion: 123.0.6312.122 (31f8248cdd9..., userDataDir: C:\Users\fwzna\AppData\Loca...}, fedcm:accounts: true, goog:chromeOptions: {debuggerAddress: localhost:54198}, networkConnectionEnabled: false, pageLoadStrategy: normal, platformName: windows, proxy: Proxy(), se:cdp: ws://localhost:54198/devtoo..., se:cdpVersion: 123.0.6312.106, setWindowRect: true, strictFileInteractability: false, timeouts: {implicit: 0, pageLoad: 300000, script: 30000}, unhandledPromptBehavior: dismiss and notify, webauthn:extension:credBlob: true, webauthn:extension:largeBlob: true, webauthn:extension:minPinLength: true, webauthn:extension:prf: true, webauthn:virtualAuthenticators: true}
Session ID: ad567e6bb1d1e371e88727b843714d2f
	at org.openqa.selenium.remote.ErrorCodec.decode(ErrorCodec.java:167)
	at org.openqa.selenium.remote.codec.w3c.W3CHttpResponseCodec.decode(W3CHttpResponseCodec.java:138)
	at org.openqa.selenium.remote.codec.w3c.W3CHttpResponseCodec.decode(W3CHttpResponseCodec.java:50)
	at org.openqa.selenium.remote.HttpCommandExecutor.execute(HttpCommandExecutor.java:190)
	at org.openqa.selenium.remote.service.DriverCommandExecutor.invokeExecute(DriverCommandExecutor.java:216)
	at org.openqa.selenium.remote.service.DriverCommandExecutor.execute(DriverCommandExecutor.java:174)
	at org.openqa.selenium.remote.RemoteWebDriver.execute(RemoteWebDriver.java:518)
	at org.openqa.selenium.remote.ElementLocation$ElementFinder$2.findElement(ElementLocation.java:165)
	at org.openqa.selenium.remote.ElementLocation.findElement(ElementLocation.java:59)
	at org.openqa.selenium.remote.RemoteWebDriver.findElement(RemoteWebDriver.java:355)
	at org.openqa.selenium.remote.RemoteWebDriver.findElement(RemoteWebDriver.java:349)
	at Day17_Read_FromExcelSheet.TestCase.RegisterTNTest(TestCase.java:46)
	at java.base/java.util.ArrayList.forEach(ArrayList.java:1511)
... Removed 32 stack frames
</div> <!-- stack-trace -->
                </div> <!-- method-content -->
              </div> <!-- method -->
              <div class="method">
                <div class="method-content">
                  <a name="RegisterTNTest(Mimiche03, nait, 1236547890, mimichenait02@gmail.com, Mimichenait03, Mimichenait03)">
                  </a> <!-- RegisterTNTest(Mimiche03, nait, 1236547890, mimichenait02@gmail.com, Mimichenait03, Mimichenait03) -->
                  <span class="method-name">RegisterTNTest</span>
                  <span class="parameters">(Mimiche03,nait,1236547890,mimichenait02@gmail.com,Mimichenait03,Mimichenait03)</span>
                  <div class="stack-trace">org.openqa.selenium.NoSuchElementException: no such element: Unable to locate element: {&quot;method&quot;:&quot;xpath&quot;,&quot;selector&quot;:&quot;//p[text() = &apos;Congratulations! Your new account has been successfully created!&apos;]&quot;}
  (Session info: chrome=123.0.6312.106)
For documentation on this error, please visit: https://www.selenium.dev/documentation/webdriver/troubleshooting/errors#no-such-element-exception
Build info: version: &apos;4.19.1&apos;, revision: &apos;abe0ee07dc&apos;
System info: os.name: &apos;Windows 11&apos;, os.arch: &apos;amd64&apos;, os.version: &apos;10.0&apos;, java.version: &apos;17.0.9&apos;
Driver info: org.openqa.selenium.chrome.ChromeDriver
Command: [fe4cb9e8a7badf9228e9879d0199e698, findElement {using=xpath, value=//p[text() = &apos;Congratulations! Your new account has been successfully created!&apos;]}]
Capabilities {acceptInsecureCerts: false, browserName: chrome, browserVersion: 123.0.6312.106, chrome: {chromedriverVersion: 123.0.6312.122 (31f8248cdd9..., userDataDir: C:\Users\fwzna\AppData\Loca...}, fedcm:accounts: true, goog:chromeOptions: {debuggerAddress: localhost:54177}, networkConnectionEnabled: false, pageLoadStrategy: normal, platformName: windows, proxy: Proxy(), se:cdp: ws://localhost:54177/devtoo..., se:cdpVersion: 123.0.6312.106, setWindowRect: true, strictFileInteractability: false, timeouts: {implicit: 0, pageLoad: 300000, script: 30000}, unhandledPromptBehavior: dismiss and notify, webauthn:extension:credBlob: true, webauthn:extension:largeBlob: true, webauthn:extension:minPinLength: true, webauthn:extension:prf: true, webauthn:virtualAuthenticators: true}
Session ID: fe4cb9e8a7badf9228e9879d0199e698
	at org.openqa.selenium.remote.ErrorCodec.decode(ErrorCodec.java:167)
	at org.openqa.selenium.remote.codec.w3c.W3CHttpResponseCodec.decode(W3CHttpResponseCodec.java:138)
	at org.openqa.selenium.remote.codec.w3c.W3CHttpResponseCodec.decode(W3CHttpResponseCodec.java:50)
	at org.openqa.selenium.remote.HttpCommandExecutor.execute(HttpCommandExecutor.java:190)
	at org.openqa.selenium.remote.service.DriverCommandExecutor.invokeExecute(DriverCommandExecutor.java:216)
	at org.openqa.selenium.remote.service.DriverCommandExecutor.execute(DriverCommandExecutor.java:174)
	at org.openqa.selenium.remote.RemoteWebDriver.execute(RemoteWebDriver.java:518)
	at org.openqa.selenium.remote.ElementLocation$ElementFinder$2.findElement(ElementLocation.java:165)
	at org.openqa.selenium.remote.ElementLocation.findElement(ElementLocation.java:59)
	at org.openqa.selenium.remote.RemoteWebDriver.findElement(RemoteWebDriver.java:355)
	at org.openqa.selenium.remote.RemoteWebDriver.findElement(RemoteWebDriver.java:349)
	at Day17_Read_FromExcelSheet.TestCase.RegisterTNTest(TestCase.java:46)
	at java.base/java.util.ArrayList.forEach(ArrayList.java:1511)
... Removed 32 stack frames
</div> <!-- stack-trace -->
                </div> <!-- method-content -->
              </div> <!-- method -->
              <div class="method">
                <div class="method-content">
                  <a name="RegisterTNTest(Mimiche01, nait, 1236547890, mimichenait@gmail.com, Mimichenait01, Mimichenait01)">
                  </a> <!-- RegisterTNTest(Mimiche01, nait, 1236547890, mimichenait@gmail.com, Mimichenait01, Mimichenait01) -->
                  <span class="method-name">RegisterTNTest</span>
                  <span class="parameters">(Mimiche01,nait,1236547890,mimichenait@gmail.com,Mimichenait01,Mimichenait01)</span>
                  <div class="stack-trace">org.openqa.selenium.NoSuchElementException: no such element: Unable to locate element: {&quot;method&quot;:&quot;xpath&quot;,&quot;selector&quot;:&quot;//p[text() = &apos;Congratulations! Your new account has been successfully created!&apos;]&quot;}
  (Session info: chrome=123.0.6312.106)
For documentation on this error, please visit: https://www.selenium.dev/documentation/webdriver/troubleshooting/errors#no-such-element-exception
Build info: version: &apos;4.19.1&apos;, revision: &apos;abe0ee07dc&apos;
System info: os.name: &apos;Windows 11&apos;, os.arch: &apos;amd64&apos;, os.version: &apos;10.0&apos;, java.version: &apos;17.0.9&apos;
Driver info: org.openqa.selenium.chrome.ChromeDriver
Command: [9401ca649860d9f6498806c089b5c872, findElement {using=xpath, value=//p[text() = &apos;Congratulations! Your new account has been successfully created!&apos;]}]
Capabilities {acceptInsecureCerts: false, browserName: chrome, browserVersion: 123.0.6312.106, chrome: {chromedriverVersion: 123.0.6312.122 (31f8248cdd9..., userDataDir: C:\Users\fwzna\AppData\Loca...}, fedcm:accounts: true, goog:chromeOptions: {debuggerAddress: localhost:54135}, networkConnectionEnabled: false, pageLoadStrategy: normal, platformName: windows, proxy: Proxy(), se:cdp: ws://localhost:54135/devtoo..., se:cdpVersion: 123.0.6312.106, setWindowRect: true, strictFileInteractability: false, timeouts: {implicit: 0, pageLoad: 300000, script: 30000}, unhandledPromptBehavior: dismiss and notify, webauthn:extension:credBlob: true, webauthn:extension:largeBlob: true, webauthn:extension:minPinLength: true, webauthn:extension:prf: true, webauthn:virtualAuthenticators: true}
Session ID: 9401ca649860d9f6498806c089b5c872
	at org.openqa.selenium.remote.ErrorCodec.decode(ErrorCodec.java:167)
	at org.openqa.selenium.remote.codec.w3c.W3CHttpResponseCodec.decode(W3CHttpResponseCodec.java:138)
	at org.openqa.selenium.remote.codec.w3c.W3CHttpResponseCodec.decode(W3CHttpResponseCodec.java:50)
	at org.openqa.selenium.remote.HttpCommandExecutor.execute(HttpCommandExecutor.java:190)
	at org.openqa.selenium.remote.service.DriverCommandExecutor.invokeExecute(DriverCommandExecutor.java:216)
	at org.openqa.selenium.remote.service.DriverCommandExecutor.execute(DriverCommandExecutor.java:174)
	at org.openqa.selenium.remote.RemoteWebDriver.execute(RemoteWebDriver.java:518)
	at org.openqa.selenium.remote.ElementLocation$ElementFinder$2.findElement(ElementLocation.java:165)
	at org.openqa.selenium.remote.ElementLocation.findElement(ElementLocation.java:59)
	at org.openqa.selenium.remote.RemoteWebDriver.findElement(RemoteWebDriver.java:355)
	at org.openqa.selenium.remote.RemoteWebDriver.findElement(RemoteWebDriver.java:349)
	at Day17_Read_FromExcelSheet.TestCase.RegisterTNTest(TestCase.java:46)
	at java.base/java.util.ArrayList.forEach(ArrayList.java:1511)
... Removed 32 stack frames
</div> <!-- stack-trace -->
                </div> <!-- method-content -->
              </div> <!-- method -->
              <div class="method">
                <div class="method-content">
                  <a name="RegisterTNTest(Mimiche08, nait, 1236547890, mimichenait07@gmail.com, Mimichenait08, Mimichenait08)">
                  </a> <!-- RegisterTNTest(Mimiche08, nait, 1236547890, mimichenait07@gmail.com, Mimichenait08, Mimichenait08) -->
                  <span class="method-name">RegisterTNTest</span>
                  <span class="parameters">(Mimiche08,nait,1236547890,mimichenait07@gmail.com,Mimichenait08,Mimichenait08)</span>
                  <div class="stack-trace">org.openqa.selenium.NoSuchElementException: no such element: Unable to locate element: {&quot;method&quot;:&quot;xpath&quot;,&quot;selector&quot;:&quot;//p[text() = &apos;Congratulations! Your new account has been successfully created!&apos;]&quot;}
  (Session info: chrome=123.0.6312.106)
For documentation on this error, please visit: https://www.selenium.dev/documentation/webdriver/troubleshooting/errors#no-such-element-exception
Build info: version: &apos;4.19.1&apos;, revision: &apos;abe0ee07dc&apos;
System info: os.name: &apos;Windows 11&apos;, os.arch: &apos;amd64&apos;, os.version: &apos;10.0&apos;, java.version: &apos;17.0.9&apos;
Driver info: org.openqa.selenium.chrome.ChromeDriver
Command: [5fa2b9123365b1bf40f19cb6b86924ad, findElement {using=xpath, value=//p[text() = &apos;Congratulations! Your new account has been successfully created!&apos;]}]
Capabilities {acceptInsecureCerts: false, browserName: chrome, browserVersion: 123.0.6312.106, chrome: {chromedriverVersion: 123.0.6312.122 (31f8248cdd9..., userDataDir: C:\Users\fwzna\AppData\Loca...}, fedcm:accounts: true, goog:chromeOptions: {debuggerAddress: localhost:54282}, networkConnectionEnabled: false, pageLoadStrategy: normal, platformName: windows, proxy: Proxy(), se:cdp: ws://localhost:54282/devtoo..., se:cdpVersion: 123.0.6312.106, setWindowRect: true, strictFileInteractability: false, timeouts: {implicit: 0, pageLoad: 300000, script: 30000}, unhandledPromptBehavior: dismiss and notify, webauthn:extension:credBlob: true, webauthn:extension:largeBlob: true, webauthn:extension:minPinLength: true, webauthn:extension:prf: true, webauthn:virtualAuthenticators: true}
Session ID: 5fa2b9123365b1bf40f19cb6b86924ad
	at org.openqa.selenium.remote.ErrorCodec.decode(ErrorCodec.java:167)
	at org.openqa.selenium.remote.codec.w3c.W3CHttpResponseCodec.decode(W3CHttpResponseCodec.java:138)
	at org.openqa.selenium.remote.codec.w3c.W3CHttpResponseCodec.decode(W3CHttpResponseCodec.java:50)
	at org.openqa.selenium.remote.HttpCommandExecutor.execute(HttpCommandExecutor.java:190)
	at org.openqa.selenium.remote.service.DriverCommandExecutor.invokeExecute(DriverCommandExecutor.java:216)
	at org.openqa.selenium.remote.service.DriverCommandExecutor.execute(DriverCommandExecutor.java:174)
	at org.openqa.selenium.remote.RemoteWebDriver.execute(RemoteWebDriver.java:518)
	at org.openqa.selenium.remote.ElementLocation$ElementFinder$2.findElement(ElementLocation.java:165)
	at org.openqa.selenium.remote.ElementLocation.findElement(ElementLocation.java:59)
	at org.openqa.selenium.remote.RemoteWebDriver.findElement(RemoteWebDriver.java:355)
	at org.openqa.selenium.remote.RemoteWebDriver.findElement(RemoteWebDriver.java:349)
	at Day17_Read_FromExcelSheet.TestCase.RegisterTNTest(TestCase.java:46)
	at java.base/java.util.ArrayList.forEach(ArrayList.java:1511)
... Removed 32 stack frames
</div> <!-- stack-trace -->
                </div> <!-- method-content -->
              </div> <!-- method -->
            </div> <!-- main-panel-content rounded-window-bottom -->
          </div> <!-- suite-Suite-class-failed -->
          <div class="suite-Suite-class-passed">
            <div class="main-panel-header rounded-window-top">
              <img src="passed.png"/>
              <span class="class-name">Day17_Read_FromExcelSheet.TestCase</span>
            </div> <!-- main-panel-header rounded-window-top -->
            <div class="main-panel-content rounded-window-bottom">
              <div class="method">
                <div class="method-content">
                  <a name="loginTNTest(mimichenait@gmail.com, Mimichenait01)">
                  </a> <!-- loginTNTest(mimichenait@gmail.com, Mimichenait01) -->
                  <span class="method-name">loginTNTest</span>
                  <span class="parameters">(mimichenait@gmail.com,Mimichenait01)</span>
                </div> <!-- method-content -->
              </div> <!-- method -->
              <div class="method">
                <div class="method-content">
                  <a name="loginTNTest(mimichenait04@gmail.com, Mimichenait05)">
                  </a> <!-- loginTNTest(mimichenait04@gmail.com, Mimichenait05) -->
                  <span class="method-name">loginTNTest</span>
                  <span class="parameters">(mimichenait04@gmail.com,Mimichenait05)</span>
                </div> <!-- method-content -->
              </div> <!-- method -->
              <div class="method">
                <div class="method-content">
                  <a name="loginTNTest(mimichenait02@gmail.com, Mimichenait03)">
                  </a> <!-- loginTNTest(mimichenait02@gmail.com, Mimichenait03) -->
                  <span class="method-name">loginTNTest</span>
                  <span class="parameters">(mimichenait02@gmail.com,Mimichenait03)</span>
                </div> <!-- method-content -->
              </div> <!-- method -->
              <div class="method">
                <div class="method-content">
                  <a name="loginTNTest(mimichenait03@gmail.com, Mimichenait04)">
                  </a> <!-- loginTNTest(mimichenait03@gmail.com, Mimichenait04) -->
                  <span class="method-name">loginTNTest</span>
                  <span class="parameters">(mimichenait03@gmail.com,Mimichenait04)</span>
                </div> <!-- method-content -->
              </div> <!-- method -->
              <div class="method">
                <div class="method-content">
                  <a name="loginTNTest(mimichenait05@gmail.com, Mimichenait06)">
                  </a> <!-- loginTNTest(mimichenait05@gmail.com, Mimichenait06) -->
                  <span class="method-name">loginTNTest</span>
                  <span class="parameters">(mimichenait05@gmail.com,Mimichenait06)</span>
                </div> <!-- method-content -->
              </div> <!-- method -->
              <div class="method">
                <div class="method-content">
                  <a name="loginTNTest(mimichenait06@gmail.com, Mimichenait07)">
                  </a> <!-- loginTNTest(mimichenait06@gmail.com, Mimichenait07) -->
                  <span class="method-name">loginTNTest</span>
                  <span class="parameters">(mimichenait06@gmail.com,Mimichenait07)</span>
                </div> <!-- method-content -->
              </div> <!-- method -->
              <div class="method">
                <div class="method-content">
                  <a name="loginTNTest(mimichenait07@gmail.com, Mimichenait08)">
                  </a> <!-- loginTNTest(mimichenait07@gmail.com, Mimichenait08) -->
                  <span class="method-name">loginTNTest</span>
                  <span class="parameters">(mimichenait07@gmail.com,Mimichenait08)</span>
                </div> <!-- method-content -->
              </div> <!-- method -->
              <div class="method">
                <div class="method-content">
                  <a name="loginTNTest(mimichenait01@gmail.com, Mimichenait02)">
                  </a> <!-- loginTNTest(mimichenait01@gmail.com, Mimichenait02) -->
                  <span class="method-name">loginTNTest</span>
                  <span class="parameters">(mimichenait01@gmail.com,Mimichenait02)</span>
                </div> <!-- method-content -->
              </div> <!-- method -->
            </div> <!-- main-panel-content rounded-window-bottom -->
          </div> <!-- suite-Suite-class-passed -->
        </div> <!-- panel Suite -->
        <div panel-name="test-xml-Suite" class="panel">
          <div class="main-panel-header rounded-window-top">
            <span class="header-content">C:\Users\fwzna\eclipse-workspace\learnig\Parametrased_testng.xml</span>
          </div> <!-- main-panel-header rounded-window-top -->
          <div class="main-panel-content rounded-window-bottom">
            <pre>
&lt;?xml version=&quot;1.0&quot; encoding=&quot;UTF-8&quot;?&gt;
&lt;!DOCTYPE suite SYSTEM &quot;https://testng.org/testng-1.0.dtd&quot;&gt;
&lt;suite name=&quot;Suite&quot; guice-stage=&quot;DEVELOPMENT&quot;&gt;
  &lt;test thread-count=&quot;5&quot; name=&quot;Test&quot;&gt;
    &lt;parameter name=&quot;password&quot; value=&quot;Mimichenait01&quot;/&gt;
    &lt;parameter name=&quot;firstname&quot; value=&quot;Krimo&quot;/&gt;
    &lt;parameter name=&quot;confirmpasswordR&quot; value=&quot;Minichenait01&quot;/&gt;
    &lt;parameter name=&quot;telephone&quot; value=&quot;123456789&quot;/&gt;
    &lt;parameter name=&quot;passwordR&quot; value=&quot;Mimichenait01&quot;/&gt;
    &lt;parameter name=&quot;url&quot; value=&quot;https://tutorialsninja.com/demo&quot;/&gt;
    &lt;parameter name=&quot;email&quot; value=&quot;mimichenait@gmail.com&quot;/&gt;
    &lt;parameter name=&quot;lastname&quot; value=&quot;Nait&quot;/&gt;
    &lt;classes&gt;
      &lt;class name=&quot;Day17_Read_FromExcelSheet.TestCase&quot;/&gt;
    &lt;/classes&gt;
  &lt;/test&gt; &lt;!-- Test --&gt;
&lt;/suite&gt; &lt;!-- Suite --&gt;
            </pre>
          </div> <!-- main-panel-content rounded-window-bottom -->
        </div> <!-- panel -->
        <div panel-name="testlist-Suite" class="panel">
          <div class="main-panel-header rounded-window-top">
            <span class="header-content">Tests for Suite</span>
          </div> <!-- main-panel-header rounded-window-top -->
          <div class="main-panel-content rounded-window-bottom">
            <ul>
              <li>
                <span class="test-name">Test (1 class)</span>
              </li>
            </ul>
          </div> <!-- main-panel-content rounded-window-bottom -->
        </div> <!-- panel -->
        <div panel-name="group-Suite" class="panel">
          <div class="main-panel-header rounded-window-top">
            <span class="header-content">Groups for Suite</span>
          </div> <!-- main-panel-header rounded-window-top -->
          <div class="main-panel-content rounded-window-bottom">
          </div> <!-- main-panel-content rounded-window-bottom -->
        </div> <!-- panel -->
        <div panel-name="times-Suite" class="panel">
          <div class="main-panel-header rounded-window-top">
            <span class="header-content">Times for Suite</span>
          </div> <!-- main-panel-header rounded-window-top -->
          <div class="main-panel-content rounded-window-bottom">
            <div class="times-div">
              <script type="text/javascript">
suiteTableInitFunctions.push('tableData_Suite');
function tableData_Suite() {
var data = new google.visualization.DataTable();
data.addColumn('number', 'Number');
data.addColumn('string', 'Method');
data.addColumn('string', 'Class');
data.addColumn('number', 'Time (ms)');
data.addRows(16);
data.setCell(0, 0, 0)
data.setCell(0, 1, 'loginTNTest')
data.setCell(0, 2, 'Day17_Read_FromExcelSheet.TestCase')
data.setCell(0, 3, 10189);
data.setCell(1, 0, 1)
data.setCell(1, 1, 'loginTNTest')
data.setCell(1, 2, 'Day17_Read_FromExcelSheet.TestCase')
data.setCell(1, 3, 7099);
data.setCell(2, 0, 2)
data.setCell(2, 1, 'RegisterTNTest')
data.setCell(2, 2, 'Day17_Read_FromExcelSheet.TestCase')
data.setCell(2, 3, 6977);
data.setCell(3, 0, 3)
data.setCell(3, 1, 'loginTNTest')
data.setCell(3, 2, 'Day17_Read_FromExcelSheet.TestCase')
data.setCell(3, 3, 6968);
data.setCell(4, 0, 4)
data.setCell(4, 1, 'RegisterTNTest')
data.setCell(4, 2, 'Day17_Read_FromExcelSheet.TestCase')
data.setCell(4, 3, 6808);
data.setCell(5, 0, 5)
data.setCell(5, 1, 'loginTNTest')
data.setCell(5, 2, 'Day17_Read_FromExcelSheet.TestCase')
data.setCell(5, 3, 6620);
data.setCell(6, 0, 6)
data.setCell(6, 1, 'loginTNTest')
data.setCell(6, 2, 'Day17_Read_FromExcelSheet.TestCase')
data.setCell(6, 3, 6445);
data.setCell(7, 0, 7)
data.setCell(7, 1, 'RegisterTNTest')
data.setCell(7, 2, 'Day17_Read_FromExcelSheet.TestCase')
data.setCell(7, 3, 6399);
data.setCell(8, 0, 8)
data.setCell(8, 1, 'RegisterTNTest')
data.setCell(8, 2, 'Day17_Read_FromExcelSheet.TestCase')
data.setCell(8, 3, 6346);
data.setCell(9, 0, 9)
data.setCell(9, 1, 'RegisterTNTest')
data.setCell(9, 2, 'Day17_Read_FromExcelSheet.TestCase')
data.setCell(9, 3, 6289);
data.setCell(10, 0, 10)
data.setCell(10, 1, 'RegisterTNTest')
data.setCell(10, 2, 'Day17_Read_FromExcelSheet.TestCase')
data.setCell(10, 3, 6080);
data.setCell(11, 0, 11)
data.setCell(11, 1, 'loginTNTest')
data.setCell(11, 2, 'Day17_Read_FromExcelSheet.TestCase')
data.setCell(11, 3, 6061);
data.setCell(12, 0, 12)
data.setCell(12, 1, 'RegisterTNTest')
data.setCell(12, 2, 'Day17_Read_FromExcelSheet.TestCase')
data.setCell(12, 3, 5974);
data.setCell(13, 0, 13)
data.setCell(13, 1, 'loginTNTest')
data.setCell(13, 2, 'Day17_Read_FromExcelSheet.TestCase')
data.setCell(13, 3, 5804);
data.setCell(14, 0, 14)
data.setCell(14, 1, 'loginTNTest')
data.setCell(14, 2, 'Day17_Read_FromExcelSheet.TestCase')
data.setCell(14, 3, 5665);
data.setCell(15, 0, 15)
data.setCell(15, 1, 'RegisterTNTest')
data.setCell(15, 2, 'Day17_Read_FromExcelSheet.TestCase')
data.setCell(15, 3, 5301);
window.suiteTableData['Suite']= { tableData: data, tableDiv: 'times-div-Suite'}
return data;
}
              </script>
              <span class="suite-total-time">Total running time: 1 minutes</span>
              <div id="times-div-Suite">
              </div> <!-- times-div-Suite -->
            </div> <!-- times-div -->
          </div> <!-- main-panel-content rounded-window-bottom -->
        </div> <!-- panel -->
        <div panel-name="reporter-Suite" class="panel">
          <div class="main-panel-header rounded-window-top">
            <span class="header-content">Reporter output for Suite</span>
          </div> <!-- main-panel-header rounded-window-top -->
          <div class="main-panel-content rounded-window-bottom">
          </div> <!-- main-panel-content rounded-window-bottom -->
        </div> <!-- panel -->
        <div panel-name="ignored-methods-Suite" class="panel">
          <div class="main-panel-header rounded-window-top">
            <span class="header-content">0 ignored methods</span>
          </div> <!-- main-panel-header rounded-window-top -->
          <div class="main-panel-content rounded-window-bottom">
          </div> <!-- main-panel-content rounded-window-bottom -->
        </div> <!-- panel -->
        <div panel-name="chronological-Suite" class="panel">
          <div class="main-panel-header rounded-window-top">
            <span class="header-content">Methods in chronological order</span>
          </div> <!-- main-panel-header rounded-window-top -->
          <div class="main-panel-content rounded-window-bottom">
            <div class="chronological-class">
              <div class="chronological-class-name">Day17_Read_FromExcelSheet.TestCase</div> <!-- chronological-class-name -->
              <div class="test-method">
                <span class="method-name">loginTNTest(mimichenait@gmail.com, Mimichenait01)</span>
                <span class="method-start">0 ms</span>
              </div> <!-- test-method -->
              <div class="configuration-method after">
                <span class="method-name">tearDown</span>
                <span class="method-start">10193 ms</span>
              </div> <!-- configuration-method after -->
              <div class="test-method">
                <span class="method-name">loginTNTest(mimichenait01@gmail.com, Mimichenait02)</span>
                <span class="method-start">10372 ms</span>
              </div> <!-- test-method -->
              <div class="configuration-method after">
                <span class="method-name">tearDown</span>
                <span class="method-start">17341 ms</span>
              </div> <!-- configuration-method after -->
              <div class="test-method">
                <span class="method-name">loginTNTest(mimichenait02@gmail.com, Mimichenait03)</span>
                <span class="method-start">17558 ms</span>
              </div> <!-- test-method -->
              <div class="configuration-method after">
                <span class="method-name">tearDown</span>
                <span class="method-start">24004 ms</span>
              </div> <!-- configuration-method after -->
              <div class="test-method">
                <span class="method-name">loginTNTest(mimichenait03@gmail.com, Mimichenait04)</span>
                <span class="method-start">24164 ms</span>
              </div> <!-- test-method -->
              <div class="configuration-method after">
                <span class="method-name">tearDown</span>
                <span class="method-start">29969 ms</span>
              </div> <!-- configuration-method after -->
              <div class="test-method">
                <span class="method-name">loginTNTest(mimichenait04@gmail.com, Mimichenait05)</span>
                <span class="method-start">30180 ms</span>
              </div> <!-- test-method -->
              <div class="configuration-method after">
                <span class="method-name">tearDown</span>
                <span class="method-start">36801 ms</span>
              </div> <!-- configuration-method after -->
              <div class="test-method">
                <span class="method-name">loginTNTest(mimichenait05@gmail.com, Mimichenait06)</span>
                <span class="method-start">36951 ms</span>
              </div> <!-- test-method -->
              <div class="configuration-method after">
                <span class="method-name">tearDown</span>
                <span class="method-start">44051 ms</span>
              </div> <!-- configuration-method after -->
              <div class="test-method">
                <span class="method-name">loginTNTest(mimichenait06@gmail.com, Mimichenait07)</span>
                <span class="method-start">44317 ms</span>
              </div> <!-- test-method -->
              <div class="configuration-method after">
                <span class="method-name">tearDown</span>
                <span class="method-start">50379 ms</span>
              </div> <!-- configuration-method after -->
              <div class="test-method">
                <span class="method-name">loginTNTest(mimichenait07@gmail.com, Mimichenait08)</span>
                <span class="method-start">50601 ms</span>
              </div> <!-- test-method -->
              <div class="configuration-method after">
                <span class="method-name">tearDown</span>
                <span class="method-start">56267 ms</span>
              </div> <!-- configuration-method after -->
              <div class="test-method">
                <img src="failed.png">
                </img>
                <span class="method-name">RegisterTNTest(Mimiche01, nait, 1236547890, mimichenait@gmail.com, Mimichenait01, Mimichenait01)</span>
                <span class="method-start">56561 ms</span>
              </div> <!-- test-method -->
              <div class="configuration-method after">
                <span class="method-name">tearDown</span>
                <span class="method-start">63378 ms</span>
              </div> <!-- configuration-method after -->
              <div class="test-method">
                <img src="failed.png">
                </img>
                <span class="method-name">RegisterTNTest(Mimiche02, nait, 1236547890, mimichenait01@gmail.com, Mimichenait02, Mimichenait02)</span>
                <span class="method-start">63554 ms</span>
              </div> <!-- test-method -->
              <div class="configuration-method after">
                <span class="method-name">tearDown</span>
                <span class="method-start">69902 ms</span>
              </div> <!-- configuration-method after -->
              <div class="test-method">
                <img src="failed.png">
                </img>
                <span class="method-name">RegisterTNTest(Mimiche03, nait, 1236547890, mimichenait02@gmail.com, Mimichenait03, Mimichenait03)</span>
                <span class="method-start">70095 ms</span>
              </div> <!-- test-method -->
              <div class="configuration-method after">
                <span class="method-name">tearDown</span>
                <span class="method-start">77075 ms</span>
              </div> <!-- configuration-method after -->
              <div class="test-method">
                <img src="failed.png">
                </img>
                <span class="method-name">RegisterTNTest(Mimiche04, nait, 1236547890, mimichenait03@gmail.com, Mimichenait04, Mimichenait04)</span>
                <span class="method-start">77284 ms</span>
              </div> <!-- test-method -->
              <div class="configuration-method after">
                <span class="method-name">tearDown</span>
                <span class="method-start">83367 ms</span>
              </div> <!-- configuration-method after -->
              <div class="test-method">
                <img src="failed.png">
                </img>
                <span class="method-name">RegisterTNTest(Mimiche05, nait, 1236547890, mimichenait04@gmail.com, Mimichenait05, Mimichenait05)</span>
                <span class="method-start">83668 ms</span>
              </div> <!-- test-method -->
              <div class="configuration-method after">
                <span class="method-name">tearDown</span>
                <span class="method-start">88970 ms</span>
              </div> <!-- configuration-method after -->
              <div class="test-method">
                <img src="failed.png">
                </img>
                <span class="method-name">RegisterTNTest(Mimiche06, nait, 1236547890, mimichenait05@gmail.com, Mimichenait06, Mimichenait06)</span>
                <span class="method-start">89167 ms</span>
              </div> <!-- test-method -->
              <div class="configuration-method after">
                <span class="method-name">tearDown</span>
                <span class="method-start">95567 ms</span>
              </div> <!-- configuration-method after -->
              <div class="test-method">
                <img src="failed.png">
                </img>
                <span class="method-name">RegisterTNTest(Mimiche07, nait, 1236547890, mimichenait06@gmail.com, Mimichenait07, Mimichenait07)</span>
                <span class="method-start">95759 ms</span>
              </div> <!-- test-method -->
              <div class="configuration-method after">
                <span class="method-name">tearDown</span>
                <span class="method-start">102049 ms</span>
              </div> <!-- configuration-method after -->
              <div class="test-method">
                <img src="failed.png">
                </img>
                <span class="method-name">RegisterTNTest(Mimiche08, nait, 1236547890, mimichenait07@gmail.com, Mimichenait08, Mimichenait08)</span>
                <span class="method-start">102254 ms</span>
              </div> <!-- test-method -->
              <div class="configuration-method after">
                <span class="method-name">tearDown</span>
                <span class="method-start">108230 ms</span>
              </div> <!-- configuration-method after -->
          </div> <!-- main-panel-content rounded-window-bottom -->
        </div> <!-- panel -->
      </div> <!-- main-panel-root -->
    </div> <!-- wrapper -->
  </body>
<script type="text/javascript" src="testng-reports2.js"></script>
</html>
